[debug] [2020-02-08T01:30:07.239Z] ----------------------------------------------------------------------
[debug] [2020-02-08T01:30:07.241Z] Command:       C:\Program Files\nodejs\node.exe C:\Users\cami_\AppData\Roaming\npm\node_modules\firebase-tools\lib\bin\firebase.js init
[debug] [2020-02-08T01:30:07.241Z] CLI Version:   7.12.1
[debug] [2020-02-08T01:30:07.241Z] Platform:      win32
[debug] [2020-02-08T01:30:07.241Z] Node Version:  v10.16.3
[debug] [2020-02-08T01:30:07.242Z] Time:          Fri Feb 07 2020 23:30:07 GMT-0200 (GMT-02:00)
[debug] [2020-02-08T01:30:07.242Z] ----------------------------------------------------------------------
[debug] [2020-02-08T01:30:07.242Z] 
[debug] [2020-02-08T01:30:07.249Z] > command requires scopes: ["email","openid","https://www.googleapis.com/auth/cloudplatformprojects.readonly","https://www.googleapis.com/auth/firebase","https://www.googleapis.com/auth/cloud-platform"]
[debug] [2020-02-08T01:30:07.249Z] > authorizing via signed-in user
[info] 
     ######## #### ########  ######## ########     ###     ######  ########
     ##        ##  ##     ## ##       ##     ##  ##   ##  ##       ##
     ######    ##  ########  ######   ########  #########  ######  ######
     ##        ##  ##    ##  ##       ##     ## ##     ##       ## ##
     ##       #### ##     ## ######## ########  ##     ##  ######  ########

You're about to initialize a Firebase project in this directory:

  C:\Users\cami_\Documents\Desenvolvimento\Doing Web\doingweb

Before we get started, keep in mind:

  * You are initializing in an existing Firebase project directory

[debug] [2020-02-08T01:30:18.996Z] Error: kill ENOSYS
    at process.kill (internal/process/per_thread.js:198:13)
    at process.listener (C:\Users\cami_\AppData\Roaming\npm\node_modules\firebase-tools\node_modules\signal-exit\index.js:95:15)
    at process.emit (events.js:198:13)
[error] 
[error] Error: An unexpected error has occurred.
